0 info it worked if it ends with ok
1 verbose cli [ '/home/ubuntu/.nvm/v0.10.35/bin/node',
1 verbose cli   '/home/ubuntu/.nvm/v0.10.35/bin/npm',
1 verbose cli   'install',
1 verbose cli   'jsdoc3.3.0',
1 verbose cli   '--save' ]
2 info using npm@1.4.28
3 info using node@v0.10.35
4 warn package.json azuru-custmoer@0.0.1 No repository field.
5 verbose readDependencies using package.json deps
6 verbose cache add [ 'jsdoc3.3.0', null ]
7 verbose cache add name=undefined spec="jsdoc3.3.0" args=["jsdoc3.3.0",null]
8 verbose parsed url { protocol: null,
8 verbose parsed url   slashes: null,
8 verbose parsed url   auth: null,
8 verbose parsed url   host: null,
8 verbose parsed url   port: null,
8 verbose parsed url   hostname: null,
8 verbose parsed url   hash: null,
8 verbose parsed url   search: null,
8 verbose parsed url   query: null,
8 verbose parsed url   pathname: 'jsdoc3.3.0',
8 verbose parsed url   path: 'jsdoc3.3.0',
8 verbose parsed url   href: 'jsdoc3.3.0' }
9 silly lockFile 64a9c9c5-jsdoc3-3-0 jsdoc3.3.0
10 verbose lock jsdoc3.3.0 /home/ubuntu/.npm/64a9c9c5-jsdoc3-3-0.lock
11 silly lockFile 64a9c9c5-jsdoc3-3-0 jsdoc3.3.0
12 silly lockFile 64a9c9c5-jsdoc3-3-0 jsdoc3.3.0
13 verbose addNamed [ 'jsdoc3.3.0', '' ]
14 verbose addNamed [ null, '*' ]
15 silly lockFile 46e67cc9-jsdoc3-3-0 jsdoc3.3.0@
16 verbose lock jsdoc3.3.0@ /home/ubuntu/.npm/46e67cc9-jsdoc3-3-0.lock
17 silly addNameRange { name: 'jsdoc3.3.0', range: '*', hasData: false }
18 verbose request where is /jsdoc3.3.0
19 verbose request registry https://registry.npmjs.org/
20 verbose request id e4af99c6a4836e64
21 verbose url raw /jsdoc3.3.0
22 verbose url resolving [ 'https://registry.npmjs.org/', './jsdoc3.3.0' ]
23 verbose url resolved https://registry.npmjs.org/jsdoc3.3.0
24 verbose request where is https://registry.npmjs.org/jsdoc3.3.0
25 info trying registry request attempt 1 at 10:12:31
26 http GET https://registry.npmjs.org/jsdoc3.3.0
27 http 404 https://registry.npmjs.org/jsdoc3.3.0
28 silly registry.get cb [ 404,
28 silly registry.get   { 'content-type': 'application/json',
28 silly registry.get     'cache-control': 'max-age=0',
28 silly registry.get     'content-length': '2',
28 silly registry.get     'accept-ranges': 'bytes',
28 silly registry.get     date: 'Mon, 07 Sep 2015 10:12:31 GMT',
28 silly registry.get     via: '1.1 varnish',
28 silly registry.get     age: '0',
28 silly registry.get     connection: 'keep-alive',
28 silly registry.get     'x-served-by': 'cache-hkg6820-HKG',
28 silly registry.get     'x-cache': 'MISS',
28 silly registry.get     'x-cache-hits': '0',
28 silly registry.get     'x-timer': 'S1441620751.252758,VS0,VE237' } ]
29 silly lockFile 46e67cc9-jsdoc3-3-0 jsdoc3.3.0@
30 silly lockFile 46e67cc9-jsdoc3-3-0 jsdoc3.3.0@
31 error 404 Not Found
31 error 404
31 error 404 'jsdoc3.3.0' is not in the npm registry.
31 error 404 You should bug the author to publish it
31 error 404 It was specified as a dependency of 'azuru-custmoer'
31 error 404
31 error 404 Note that you can also install from a
31 error 404 tarball, folder, or http url, or git url.
32 error System Linux 3.14.13-c9
33 error command "/home/ubuntu/.nvm/v0.10.35/bin/node" "/home/ubuntu/.nvm/v0.10.35/bin/npm" "install" "jsdoc3.3.0" "--save"
34 error cwd /home/ubuntu/workspace
35 error node -v v0.10.35
36 error npm -v 1.4.28
37 error code E404
38 verbose exit [ 1, true ]
